<?xml version="1.0" encoding="UTF-8"?>
<testng-results ignored="0" total="1" passed="1" failed="0" skipped="0">
  <reporter-output>
  </reporter-output>
  <suite started-at="2022-08-31T23:59:41 IST" name="Default suite" finished-at="2022-09-01T00:00:18 IST" duration-ms="37698">
    <groups>
    </groups>
    <test started-at="2022-08-31T23:59:41 IST" name="Default test" finished-at="2022-09-01T00:00:18 IST" duration-ms="37698">
      <class name="com.testNgprogram.FileUpload">
        <test-method signature="fileupload_documentTest()[pri:0, instance:com.testNgprogram.FileUpload@6e20b53a]" started-at="2022-08-31T23:59:41 IST" name="fileupload_documentTest" finished-at="2022-09-01T00:00:18 IST" duration-ms="37610" status="PASS">
          <reporter-output>
          </reporter-output>
        </test-method> <!-- fileupload_documentTest -->
      </class> <!-- com.testNgprogram.FileUpload -->
    </test> <!-- Default test -->
  </suite> <!-- Default suite -->
</testng-results>
